2020-02-08 17:05:56.749  INFO 12571 --- [restartedMain] life.cat.community.CommunityApplication  : Starting CommunityApplication on qishuns-mbp-2.wireless-psk.unc.edu with PID 12571 (/Users/wqs/Desktop/community/target/classes started by wqs in /Users/wqs/Desktop/community)
2020-02-08 17:05:56.750  INFO 12571 --- [restartedMain] life.cat.community.CommunityApplication  : No active profile set, falling back to default profiles: default
2020-02-08 17:05:56.787  INFO 12571 --- [restartedMain] .e.DevToolsPropertyDefaultsPostProcessor : Devtools property defaults active! Set 'spring.devtools.add-properties' to 'false' to disable
2020-02-08 17:05:56.787  INFO 12571 --- [restartedMain] .e.DevToolsPropertyDefaultsPostProcessor : For additional web related logging consider setting the 'logging.level.web' property to 'DEBUG'
2020-02-08 17:05:56.815  WARN 12571 --- [background-preinit] o.s.h.c.j.Jackson2ObjectMapperBuilder    : For Jackson Kotlin classes support please add "com.fasterxml.jackson.module:jackson-module-kotlin" to the classpath
2020-02-08 17:05:57.782  INFO 12571 --- [restartedMain] o.s.b.w.embedded.tomcat.TomcatWebServer  : Tomcat initialized with port(s): 8887 (http)
2020-02-08 17:05:57.789  INFO 12571 --- [restartedMain] o.apache.catalina.core.StandardService   : Starting service [Tomcat]
2020-02-08 17:05:57.789  INFO 12571 --- [restartedMain] org.apache.catalina.core.StandardEngine  : Starting Servlet engine: [Apache Tomcat/9.0.30]
2020-02-08 17:05:57.869  INFO 12571 --- [restartedMain] o.a.c.c.C.[Tomcat].[localhost].[/]       : Initializing Spring embedded WebApplicationContext
2020-02-08 17:05:57.869  INFO 12571 --- [restartedMain] o.s.web.context.ContextLoader            : Root WebApplicationContext: initialization completed in 1081 ms
2020-02-08 17:05:58.376  INFO 12571 --- [restartedMain] o.s.s.concurrent.ThreadPoolTaskExecutor  : Initializing ExecutorService 'applicationTaskExecutor'
2020-02-08 17:05:58.421  INFO 12571 --- [restartedMain] o.s.b.a.w.s.WelcomePageHandlerMapping    : Adding welcome page template: index
2020-02-08 17:05:58.527  INFO 12571 --- [restartedMain] o.s.b.d.a.OptionalLiveReloadServer       : LiveReload server is running on port 35729
2020-02-08 17:05:58.569  INFO 12571 --- [restartedMain] o.s.b.w.embedded.tomcat.TomcatWebServer  : Tomcat started on port(s): 8887 (http) with context path ''
2020-02-08 17:05:58.572  INFO 12571 --- [restartedMain] life.cat.community.CommunityApplication  : Started CommunityApplication in 2.136 seconds (JVM running for 2.783)
2020-02-08 17:06:16.123  INFO 12571 --- [SpringContextShutdownHook] o.s.s.concurrent.ThreadPoolTaskExecutor  : Shutting down ExecutorService 'applicationTaskExecutor'
2020-02-08 17:06:18.925  INFO 12582 --- [restartedMain] life.cat.community.CommunityApplication  : Starting CommunityApplication on qishuns-mbp-2.wireless-psk.unc.edu with PID 12582 (/Users/wqs/Desktop/community/target/classes started by wqs in /Users/wqs/Desktop/community)
2020-02-08 17:06:18.926  INFO 12582 --- [restartedMain] life.cat.community.CommunityApplication  : No active profile set, falling back to default profiles: default
2020-02-08 17:06:18.965  INFO 12582 --- [restartedMain] .e.DevToolsPropertyDefaultsPostProcessor : Devtools property defaults active! Set 'spring.devtools.add-properties' to 'false' to disable
2020-02-08 17:06:18.965  INFO 12582 --- [restartedMain] .e.DevToolsPropertyDefaultsPostProcessor : For additional web related logging consider setting the 'logging.level.web' property to 'DEBUG'
2020-02-08 17:06:19.002  WARN 12582 --- [background-preinit] o.s.h.c.j.Jackson2ObjectMapperBuilder    : For Jackson Kotlin classes support please add "com.fasterxml.jackson.module:jackson-module-kotlin" to the classpath
2020-02-08 17:06:19.950  INFO 12582 --- [restartedMain] o.s.b.w.embedded.tomcat.TomcatWebServer  : Tomcat initialized with port(s): 8887 (http)
2020-02-08 17:06:19.955  INFO 12582 --- [restartedMain] o.apache.catalina.core.StandardService   : Starting service [Tomcat]
2020-02-08 17:06:19.956  INFO 12582 --- [restartedMain] org.apache.catalina.core.StandardEngine  : Starting Servlet engine: [Apache Tomcat/9.0.30]
2020-02-08 17:06:20.012  INFO 12582 --- [restartedMain] o.a.c.c.C.[Tomcat].[localhost].[/]       : Initializing Spring embedded WebApplicationContext
2020-02-08 17:06:20.013  INFO 12582 --- [restartedMain] o.s.web.context.ContextLoader            : Root WebApplicationContext: initialization completed in 1048 ms
2020-02-08 17:06:20.556  INFO 12582 --- [restartedMain] o.s.s.concurrent.ThreadPoolTaskExecutor  : Initializing ExecutorService 'applicationTaskExecutor'
2020-02-08 17:06:20.621  INFO 12582 --- [restartedMain] o.s.b.a.w.s.WelcomePageHandlerMapping    : Adding welcome page template: index
2020-02-08 17:06:20.739  INFO 12582 --- [restartedMain] o.s.b.d.a.OptionalLiveReloadServer       : LiveReload server is running on port 35729
2020-02-08 17:06:20.796  INFO 12582 --- [restartedMain] o.s.b.w.embedded.tomcat.TomcatWebServer  : Tomcat started on port(s): 8887 (http) with context path ''
2020-02-08 17:06:20.799  INFO 12582 --- [restartedMain] life.cat.community.CommunityApplication  : Started CommunityApplication in 2.168 seconds (JVM running for 2.735)
